{
  "RSpec": {
    "coverage": {
      "/Users/adamhindmarsh/Desktop/projects/bookmarks/app.rb": {
        "lines": [
          1,
          1,
          null,
          1,
          null,
          1,
          1,
          null,
          null,
          1,
          1,
          1,
          null,
          null,
          1,
          null,
          null,
          null
        ]
      },
      "/Users/adamhindmarsh/Desktop/projects/bookmarks/lib/bookmarks.rb": {
        "lines": [
          null,
          1,
          null,
          1,
          2,
          null,
          null,
          null
        ]
      },
      "/Users/adamhindmarsh/Desktop/projects/bookmarks/spec/Features/index_spec.rb": {
        "lines": [
          1,
          1,
          1,
          1,
          null,
          null,
          null,
          1,
          1,
          1,
          1,
          null,
          null
        ]
      },
      "/Users/adamhindmarsh/Desktop/projects/bookmarks/spec/bookmark_spec.rb": {
        "lines": [
          1,
          null,
          1,
          1,
          1,
          1,
          1,
          null,
          null,
          null
        ]
      }
    },
    "timestamp": 1642516608
  }
}
